  0%|          | 0/1000 [00:00<?, ?it/s]/Users/christophermao/Documents/GitHub/SoccerAI/Networks.py:69: UserWarning: To copy construct from a tensor, it is recommended to use sourceTensor.clone().detach() or sourceTensor.clone().detach().requires_grad_(True), rather than torch.tensor(sourceTensor).
  return self.model(torch.tensor(x, dtype=torch.float32))















  6%|â–‹         | 65/1000 [00:32<07:41,  2.03it/s]
Traceback (most recent call last):
  File "/Users/christophermao/Documents/GitHub/SoccerAI/Networks.py", line 67, in forward
    return self.model(x)
  File "/Users/christophermao/PycharmProjects/SoccerAI/lib/python3.10/site-packages/torch/nn/modules/module.py", line 1518, in _wrapped_call_impl
    return self._call_impl(*args, **kwargs)
  File "/Users/christophermao/PycharmProjects/SoccerAI/lib/python3.10/site-packages/torch/nn/modules/module.py", line 1527, in _call_impl
    return forward_call(*args, **kwargs)
  File "/Users/christophermao/PycharmProjects/SoccerAI/lib/python3.10/site-packages/torch/nn/modules/container.py", line 215, in forward
    input = module(input)
  File "/Users/christophermao/PycharmProjects/SoccerAI/lib/python3.10/site-packages/torch/nn/modules/module.py", line 1518, in _wrapped_call_impl
    return self._call_impl(*args, **kwargs)
  File "/Users/christophermao/PycharmProjects/SoccerAI/lib/python3.10/site-packages/torch/nn/modules/module.py", line 1527, in _call_impl
    return forward_call(*args, **kwargs)
  File "/Users/christophermao/PycharmProjects/SoccerAI/lib/python3.10/site-packages/torch/nn/modules/linear.py", line 114, in forward
    return F.linear(input, self.weight, self.bias)
RuntimeError: mat1 and mat2 must have the same dtype, but got Long and Float
During handling of the above exception, another exception occurred:
Traceback (most recent call last):
  File "/Users/christophermao/Documents/GitHub/SoccerAI/envs/test.py", line 76, in <module>
    agent.optimize_model()
  File "/Users/christophermao/Documents/GitHub/SoccerAI/Networks.py", line 176, in optimize_model
    next_state_values[non_final_mask] = self.target_net(non_final_next_states).max(1)[0]
  File "/Users/christophermao/PycharmProjects/SoccerAI/lib/python3.10/site-packages/torch/nn/modules/module.py", line 1518, in _wrapped_call_impl
    return self._call_impl(*args, **kwargs)
  File "/Users/christophermao/PycharmProjects/SoccerAI/lib/python3.10/site-packages/torch/nn/modules/module.py", line 1527, in _call_impl
    return forward_call(*args, **kwargs)
  File "/Users/christophermao/Documents/GitHub/SoccerAI/Networks.py", line 67, in forward
    return self.model(x)
